imgui_sdl.obj : error LNK2019: unresolved external symbol SDL_CreateRGBSurfaceFrom referenced in function "void __cdecl ImGuiSDL::Initialize(struct SDL_Renderer *,int,int)" (?Initialize@ImGuiSDL@@YAXPEAUSDL_Renderer@@HH@Z)
imgui_sdl.obj : error LNK2019: unresolved external symbol SDL_FreeSurface referenced in function "public: __cdecl `anonymous namespace'::Texture::~Texture(void)" (??1Texture@?A0xd95ad99e@@QEAA@XZ)
imgui_sdl.obj : error LNK2019: unresolved external symbol SDL_CreateTexture referenced in function "public: struct SDL_Texture * __cdecl `anonymous namespace'::Device::MakeTexture(int,int)" (?MakeTexture@Device@?A0xd95ad99e@@QEAAPEAUSDL_Texture@@HH@Z)
imgui_sdl.obj : error LNK2019: unresolved external symbol SDL_CreateTextureFromSurface referenced in function "void __cdecl ImGuiSDL::Initialize(struct SDL_Renderer *,int,int)" (?Initialize@ImGuiSDL@@YAXPEAUSDL_Renderer@@HH@Z)
imgui_sdl.obj : error LNK2019: unresolved external symbol SDL_QueryTexture referenced in function "void __cdecl `anonymous namespace'::DrawRectangle(struct A0xd95ad99e::Rect const &,struct SDL_Texture *,struct A0xd95ad99e::Color const &,bool,bool)" (?DrawRectangle@?A0xd95ad99e@@YAXAEBURect@1@PEAUSDL_Texture@@AEBUColor@1@_N3@Z)
imgui_sdl.obj : error LNK2019: unresolved external symbol SDL_SetTextureColorMod referenced in function "void __cdecl `anonymous namespace'::DrawRectangle(struct A0xd95ad99e::Rect const &,struct SDL_Texture *,int,int,struct A0xd95ad99e::Color const &,bool,bool)" (?DrawRectangle@?A0xd95ad99e@@YAXAEBURect@1@PEAUSDL_Texture@@HHAEBUColor@1@_N3@Z)
imgui_sdl.obj : error LNK2019: unresolved external symbol SDL_SetTextureBlendMode referenced in function "public: struct SDL_Texture * __cdecl `anonymous namespace'::Device::MakeTexture(int,int)" (?MakeTexture@Device@?A0xd95ad99e@@QEAAPEAUSDL_Texture@@HH@Z)
imgui_sdl.obj : error LNK2019: unresolved external symbol SDL_SetRenderTarget referenced in function "void __cdecl ImGuiSDL::Render(struct ImDrawData *)" (?Render@ImGuiSDL@@YAXPEAUImDrawData@@@Z)
imgui_sdl.obj : error LNK2019: unresolved external symbol SDL_GetRenderTarget referenced in function "void __cdecl ImGuiSDL::Render(struct ImDrawData *)" (?Render@ImGuiSDL@@YAXPEAUImDrawData@@@Z)
imgui_sdl.obj : error LNK2019: unresolved external symbol SDL_RenderSetClipRect referenced in function "public: void __cdecl `anonymous namespace'::Device::DisableClip(void)" (?DisableClip@Device@?A0xd95ad99e@@QEAAXXZ)
imgui_sdl.obj : error LNK2019: unresolved external symbol SDL_RenderGetClipRect referenced in function "void __cdecl ImGuiSDL::Render(struct ImDrawData *)" (?Render@ImGuiSDL@@YAXPEAUImDrawData@@@Z)
imgui_sdl.obj : error LNK2019: unresolved external symbol SDL_RenderIsClipEnabled referenced in function "void __cdecl ImGuiSDL::Render(struct ImDrawData *)" (?Render@ImGuiSDL@@YAXPEAUImDrawData@@@Z)
imgui_sdl.obj : error LNK2019: unresolved external symbol SDL_SetRenderDrawColor referenced in function "void __cdecl ImGuiSDL::Render(struct ImDrawData *)" (?Render@ImGuiSDL@@YAXPEAUImDrawData@@@Z)
imgui_sdl.obj : error LNK2019: unresolved external symbol SDL_GetRenderDrawColor referenced in function "void __cdecl ImGuiSDL::Render(struct ImDrawData *)" (?Render@ImGuiSDL@@YAXPEAUImDrawData@@@Z)
imgui_sdl.obj : error LNK2019: unresolved external symbol SDL_SetRenderDrawBlendMode referenced in function "void __cdecl ImGuiSDL::Render(struct ImDrawData *)" (?Render@ImGuiSDL@@YAXPEAUImDrawData@@@Z)
imgui_sdl.obj : error LNK2019: unresolved external symbol SDL_GetRenderDrawBlendMode referenced in function "void __cdecl ImGuiSDL::Render(struct ImDrawData *)" (?Render@ImGuiSDL@@YAXPEAUImDrawData@@@Z)
imgui_sdl.obj : error LNK2019: unresolved external symbol SDL_RenderClear referenced in function "public: void __cdecl `anonymous namespace'::Device::UseAsRenderTarget(struct SDL_Texture *)" (?UseAsRenderTarget@Device@?A0xd95ad99e@@QEAAXPEAUSDL_Texture@@@Z)
imgui_sdl.obj : error LNK2019: unresolved external symbol SDL_RenderDrawPoint referenced in function "public: void __cdecl `anonymous namespace'::Device::SetAt(int,int,struct A0xd95ad99e::Color const &)" (?SetAt@Device@?A0xd95ad99e@@QEAAXHHAEBUColor@2@@Z)
imgui_sdl.obj : error LNK2019: unresolved external symbol SDL_RenderFillRect referenced in function "void __cdecl `anonymous namespace'::DrawRectangle(struct A0xd95ad99e::Rect const &,struct SDL_Texture *,int,int,struct A0xd95ad99e::Color const &,bool,bool)" (?DrawRectangle@?A0xd95ad99e@@YAXAEBURect@1@PEAUSDL_Texture@@HHAEBUColor@1@_N3@Z)
imgui_sdl.obj : error LNK2019: unresolved external symbol SDL_RenderCopy referenced in function "void __cdecl `anonymous namespace'::DrawCachedTriangle(struct A0xd95ad99e::Device::TriangleCacheItem const &,struct A0xd95ad99e::FixedPointTriangleRenderInfo const &)" (?DrawCachedTriangle@?A0xd95ad99e@@YAXAEBUTriangleCacheItem@Device@1@AEBUFixedPointTriangleRenderInfo@1@@Z)
imgui_sdl.obj : error LNK2019: unresolved external symbol SDL_RenderCopyEx referenced in function "void __cdecl `anonymous namespace'::DrawRectangle(struct A0xd95ad99e::Rect const &,struct SDL_Texture *,int,int,struct A0xd95ad99e::Color const &,bool,bool)" (?DrawRectangle@?A0xd95ad99e@@YAXAEBURect@1@PEAUSDL_Texture@@HHAEBUColor@1@_N3@Z)
imgui_sdl.obj : error LNK2019: unresolved external symbol SDL_DestroyTexture referenced in function "public: __cdecl `anonymous namespace'::Texture::~Texture(void)" (??1Texture@?A0xd95ad99e@@QEAA@XZ)
Main.obj : error LNK2019: unresolved external symbol SDL_Init referenced in function SDL_main
MSVCRTD.lib(exe_main.obj) : error LNK2019: unresolved external symbol main referenced in function "int __cdecl invoke_main(void)" (?invoke_main@@YAHXZ)
C:\SDL2\lib\x86\SDL2.lib : warning LNK4272: library machine type 'x86' conflicts with target machine type 'x64'
C:\SDL2\lib\x86\SDL2main.lib : warning LNK4272: library machine type 'x86' conflicts with target machine type 'x64'
C:\SDL2\lib\x86\SDL2_image.lib : warning LNK4272: library machine type 'x86' conflicts with target machine type 'x64'
C:\SDL2\lib\x86\SDL2_ttf.lib : warning LNK4272: library machine type 'x86' conflicts with target machine type 'x64'
C:\SDL2\lib\x86\SDL2_mixer.lib : warning LNK4272: library machine type 'x86' conflicts with target machine type 'x64'
C:\Users\heinp\Documents\2023_ACEDEMIC_YEAR\GROUP PROJECT\prototype\main\2d_Engine_Prototype\Hein Prototype\prototype\Prototype\x64\Debug\Prototype.exe : fatal error LNK1120: 24 unresolved externals
