  Game.cpp
C:\Users\heinp\Documents\2023_ACEDEMIC_YEAR\GROUP PROJECT\prototype\main\2d_Engine_Prototype\Hein Prototype\prototype\Prototype\src\Game.cpp(135,42): warning C4244: '+=': conversion from 'double' to 'T', possible loss of data
C:\Users\heinp\Documents\2023_ACEDEMIC_YEAR\GROUP PROJECT\prototype\main\2d_Engine_Prototype\Hein Prototype\prototype\Prototype\src\Game.cpp(135,42): warning C4244:         with
C:\Users\heinp\Documents\2023_ACEDEMIC_YEAR\GROUP PROJECT\prototype\main\2d_Engine_Prototype\Hein Prototype\prototype\Prototype\src\Game.cpp(135,42): warning C4244:         [
C:\Users\heinp\Documents\2023_ACEDEMIC_YEAR\GROUP PROJECT\prototype\main\2d_Engine_Prototype\Hein Prototype\prototype\Prototype\src\Game.cpp(135,42): warning C4244:             T=float
C:\Users\heinp\Documents\2023_ACEDEMIC_YEAR\GROUP PROJECT\prototype\main\2d_Engine_Prototype\Hein Prototype\prototype\Prototype\src\Game.cpp(135,42): warning C4244:         ]
C:\Users\heinp\Documents\2023_ACEDEMIC_YEAR\GROUP PROJECT\prototype\main\2d_Engine_Prototype\Hein Prototype\prototype\Prototype\src\Game.cpp(136,42): warning C4244: '+=': conversion from 'double' to 'T', possible loss of data
C:\Users\heinp\Documents\2023_ACEDEMIC_YEAR\GROUP PROJECT\prototype\main\2d_Engine_Prototype\Hein Prototype\prototype\Prototype\src\Game.cpp(136,42): warning C4244:         with
C:\Users\heinp\Documents\2023_ACEDEMIC_YEAR\GROUP PROJECT\prototype\main\2d_Engine_Prototype\Hein Prototype\prototype\Prototype\src\Game.cpp(136,42): warning C4244:         [
C:\Users\heinp\Documents\2023_ACEDEMIC_YEAR\GROUP PROJECT\prototype\main\2d_Engine_Prototype\Hein Prototype\prototype\Prototype\src\Game.cpp(136,42): warning C4244:             T=float
C:\Users\heinp\Documents\2023_ACEDEMIC_YEAR\GROUP PROJECT\prototype\main\2d_Engine_Prototype\Hein Prototype\prototype\Prototype\src\Game.cpp(136,42): warning C4244:         ]
C:\Users\heinp\Documents\2023_ACEDEMIC_YEAR\GROUP PROJECT\prototype\main\2d_Engine_Prototype\Hein Prototype\prototype\Prototype\src\Game.cpp(152,47): warning C4838: conversion from 'T' to 'int' requires a narrowing conversion
C:\Users\heinp\Documents\2023_ACEDEMIC_YEAR\GROUP PROJECT\prototype\main\2d_Engine_Prototype\Hein Prototype\prototype\Prototype\src\Game.cpp(152,47): warning C4838:         with
C:\Users\heinp\Documents\2023_ACEDEMIC_YEAR\GROUP PROJECT\prototype\main\2d_Engine_Prototype\Hein Prototype\prototype\Prototype\src\Game.cpp(152,47): warning C4838:         [
C:\Users\heinp\Documents\2023_ACEDEMIC_YEAR\GROUP PROJECT\prototype\main\2d_Engine_Prototype\Hein Prototype\prototype\Prototype\src\Game.cpp(152,47): warning C4838:             T=float
C:\Users\heinp\Documents\2023_ACEDEMIC_YEAR\GROUP PROJECT\prototype\main\2d_Engine_Prototype\Hein Prototype\prototype\Prototype\src\Game.cpp(152,47): warning C4838:         ]
C:\Users\heinp\Documents\2023_ACEDEMIC_YEAR\GROUP PROJECT\prototype\main\2d_Engine_Prototype\Hein Prototype\prototype\Prototype\src\Game.cpp(152,47): warning C4244: 'initializing': conversion from 'T' to 'int', possible loss of data
C:\Users\heinp\Documents\2023_ACEDEMIC_YEAR\GROUP PROJECT\prototype\main\2d_Engine_Prototype\Hein Prototype\prototype\Prototype\src\Game.cpp(152,47): warning C4244:         with
C:\Users\heinp\Documents\2023_ACEDEMIC_YEAR\GROUP PROJECT\prototype\main\2d_Engine_Prototype\Hein Prototype\prototype\Prototype\src\Game.cpp(152,47): warning C4244:         [
C:\Users\heinp\Documents\2023_ACEDEMIC_YEAR\GROUP PROJECT\prototype\main\2d_Engine_Prototype\Hein Prototype\prototype\Prototype\src\Game.cpp(152,47): warning C4244:             T=float
C:\Users\heinp\Documents\2023_ACEDEMIC_YEAR\GROUP PROJECT\prototype\main\2d_Engine_Prototype\Hein Prototype\prototype\Prototype\src\Game.cpp(152,47): warning C4244:         ]
C:\Users\heinp\Documents\2023_ACEDEMIC_YEAR\GROUP PROJECT\prototype\main\2d_Engine_Prototype\Hein Prototype\prototype\Prototype\src\Game.cpp(152,64): warning C4838: conversion from 'T' to 'int' requires a narrowing conversion
C:\Users\heinp\Documents\2023_ACEDEMIC_YEAR\GROUP PROJECT\prototype\main\2d_Engine_Prototype\Hein Prototype\prototype\Prototype\src\Game.cpp(152,64): warning C4838:         with
C:\Users\heinp\Documents\2023_ACEDEMIC_YEAR\GROUP PROJECT\prototype\main\2d_Engine_Prototype\Hein Prototype\prototype\Prototype\src\Game.cpp(152,64): warning C4838:         [
C:\Users\heinp\Documents\2023_ACEDEMIC_YEAR\GROUP PROJECT\prototype\main\2d_Engine_Prototype\Hein Prototype\prototype\Prototype\src\Game.cpp(152,64): warning C4838:             T=float
C:\Users\heinp\Documents\2023_ACEDEMIC_YEAR\GROUP PROJECT\prototype\main\2d_Engine_Prototype\Hein Prototype\prototype\Prototype\src\Game.cpp(152,64): warning C4838:         ]
C:\Users\heinp\Documents\2023_ACEDEMIC_YEAR\GROUP PROJECT\prototype\main\2d_Engine_Prototype\Hein Prototype\prototype\Prototype\src\Game.cpp(152,64): warning C4244: 'initializing': conversion from 'T' to 'int', possible loss of data
C:\Users\heinp\Documents\2023_ACEDEMIC_YEAR\GROUP PROJECT\prototype\main\2d_Engine_Prototype\Hein Prototype\prototype\Prototype\src\Game.cpp(152,64): warning C4244:         with
C:\Users\heinp\Documents\2023_ACEDEMIC_YEAR\GROUP PROJECT\prototype\main\2d_Engine_Prototype\Hein Prototype\prototype\Prototype\src\Game.cpp(152,64): warning C4244:         [
C:\Users\heinp\Documents\2023_ACEDEMIC_YEAR\GROUP PROJECT\prototype\main\2d_Engine_Prototype\Hein Prototype\prototype\Prototype\src\Game.cpp(152,64): warning C4244:             T=float
C:\Users\heinp\Documents\2023_ACEDEMIC_YEAR\GROUP PROJECT\prototype\main\2d_Engine_Prototype\Hein Prototype\prototype\Prototype\src\Game.cpp(152,64): warning C4244:         ]
  Log.cpp
  Generating Code...
  Prototype.vcxproj -> C:\Users\heinp\Documents\2023_ACEDEMIC_YEAR\GROUP PROJECT\prototype\main\2d_Engine_Prototype\Hein Prototype\prototype\Prototype\Debug\Prototype.exe
